<?xml version="1.0" encoding="UTF-8"?>
<testng-results skipped="0" failed="0" ignored="0" total="2" passed="2">
  <reporter-output>
  </reporter-output>
  <suite name="Suite" duration-ms="65837" started-at="2019-05-12T13:54:35Z" finished-at="2019-05-12T13:55:41Z">
    <groups>
    </groups>
    <test name="Search Symptom Fever" duration-ms="36361" started-at="2019-05-12T13:54:35Z" finished-at="2019-05-12T13:55:12Z">
      <class name="com.mmp.testcases.US_MMP_015_SearchSymptomsParameterize">
        <test-method status="PASS" signature="TC_001_searchSymptoms(java.lang.String, java.lang.String, java.lang.String, java.lang.String)[pri:0, instance:com.mmp.testcases.US_MMP_015_SearchSymptomsParameterize@1d057a39]" name="TC_001_searchSymptoms" duration-ms="36333" started-at="2019-05-12T13:54:35Z" finished-at="2019-05-12T13:55:12Z">
          <params>
            <param index="0">
              <value>
                <![CDATA[http://96.84.175.78/MMP-Release2-Integrated-Build.6.8.000]]>
              </value>
            </param>
            <param index="1">
              <value>
                <![CDATA[ria1]]>
              </value>
            </param>
            <param index="2">
              <value>
                <![CDATA[Ria12345]]>
              </value>
            </param>
            <param index="3">
              <value>
                <![CDATA[fever]]>
              </value>
            </param>
          </params>
          <reporter-output>
          </reporter-output>
        </test-method> <!-- TC_001_searchSymptoms -->
      </class> <!-- com.mmp.testcases.US_MMP_015_SearchSymptomsParameterize -->
    </test> <!-- Search Symptom Fever -->
    <test name="Search Symptom Cold" duration-ms="29406" started-at="2019-05-12T13:55:12Z" finished-at="2019-05-12T13:55:41Z">
      <class name="com.mmp.testcases.US_MMP_015_SearchSymptomsParameterize">
        <test-method status="PASS" signature="TC_001_searchSymptoms(java.lang.String, java.lang.String, java.lang.String, java.lang.String)[pri:0, instance:com.mmp.testcases.US_MMP_015_SearchSymptomsParameterize@39c0f4a]" name="TC_001_searchSymptoms" duration-ms="29403" started-at="2019-05-12T13:55:12Z" finished-at="2019-05-12T13:55:41Z">
          <params>
            <param index="0">
              <value>
                <![CDATA[http://96.84.175.78/MMP-Release2-Integrated-Build.6.8.000]]>
              </value>
            </param>
            <param index="1">
              <value>
                <![CDATA[ria1]]>
              </value>
            </param>
            <param index="2">
              <value>
                <![CDATA[Ria12345]]>
              </value>
            </param>
            <param index="3">
              <value>
                <![CDATA[cold]]>
              </value>
            </param>
          </params>
          <reporter-output>
          </reporter-output>
        </test-method> <!-- TC_001_searchSymptoms -->
      </class> <!-- com.mmp.testcases.US_MMP_015_SearchSymptomsParameterize -->
    </test> <!-- Search Symptom Cold -->
  </suite> <!-- Suite -->
</testng-results>
